Analysis & Synthesis report for block_ram
Fri Aug 29 16:34:26 2025
Quartus Prime Version 20.1.1 Build 720 11/11/2020 SJ Lite Edition


---------------------
; Table of Contents ;
---------------------
  1. Legal Notice
  2. Analysis & Synthesis Summary
  3. Analysis & Synthesis Settings
  4. Parallel Compilation
  5. Analysis & Synthesis Source Files Read
  6. Analysis & Synthesis Resource Usage Summary
  7. Analysis & Synthesis Resource Utilization by Entity
  8. State Machine - |adder_ram|state
  9. Registers Removed During Synthesis
 10. General Register Statistics
 11. Inverted Register Statistics
 12. Parameter Settings for User Entity Instance: Top-level Entity: |adder_ram
 13. Post-Synthesis Netlist Statistics for Top Partition
 14. Elapsed Time Per Partition
 15. Analysis & Synthesis Messages



----------------
; Legal Notice ;
----------------
Copyright (C) 2020  Intel Corporation. All rights reserved.
Your use of Intel Corporation's design tools, logic functions 
and other software and tools, and any partner logic 
functions, and any output files from any of the foregoing 
(including device programming or simulation files), and any 
associated documentation or information are expressly subject 
to the terms and conditions of the Intel Program License 
Subscription Agreement, the Intel Quartus Prime License Agreement,
the Intel FPGA IP License Agreement, or other applicable license
agreement, including, without limitation, that your use is for
the sole purpose of programming logic devices manufactured by
Intel and sold by Intel or its authorized distributors.  Please
refer to the applicable agreement for further details, at
https://fpgasoftware.intel.com/eula.



+----------------------------------------------------------------------------------+
; Analysis & Synthesis Summary                                                     ;
+------------------------------------+---------------------------------------------+
; Analysis & Synthesis Status        ; Successful - Fri Aug 29 16:34:26 2025       ;
; Quartus Prime Version              ; 20.1.1 Build 720 11/11/2020 SJ Lite Edition ;
; Revision Name                      ; block_ram                                   ;
; Top-level Entity Name              ; adder_ram                                   ;
; Family                             ; Cyclone IV E                                ;
; Total logic elements               ; 187                                         ;
;     Total combinational functions  ; 186                                         ;
;     Dedicated logic registers      ; 81                                          ;
; Total registers                    ; 81                                          ;
; Total pins                         ; 3                                           ;
; Total virtual pins                 ; 0                                           ;
; Total memory bits                  ; 0                                           ;
; Embedded Multiplier 9-bit elements ; 0                                           ;
; Total PLLs                         ; 0                                           ;
+------------------------------------+---------------------------------------------+


+------------------------------------------------------------------------------------------------------------+
; Analysis & Synthesis Settings                                                                              ;
+------------------------------------------------------------------+--------------------+--------------------+
; Option                                                           ; Setting            ; Default Value      ;
+------------------------------------------------------------------+--------------------+--------------------+
; Device                                                           ; EP4CE115F29C7      ;                    ;
; Top-level entity name                                            ; adder_ram          ; block_ram          ;
; Family name                                                      ; Cyclone IV E       ; Cyclone V          ;
; Use smart compilation                                            ; Off                ; Off                ;
; Enable parallel Assembler and Timing Analyzer during compilation ; On                 ; On                 ;
; Enable compact report table                                      ; Off                ; Off                ;
; Restructure Multiplexers                                         ; Auto               ; Auto               ;
; Create Debugging Nodes for IP Cores                              ; Off                ; Off                ;
; Preserve fewer node names                                        ; On                 ; On                 ;
; Intel FPGA IP Evaluation Mode                                    ; Enable             ; Enable             ;
; Verilog Version                                                  ; Verilog_2001       ; Verilog_2001       ;
; VHDL Version                                                     ; VHDL_1993          ; VHDL_1993          ;
; State Machine Processing                                         ; Auto               ; Auto               ;
; Safe State Machine                                               ; Off                ; Off                ;
; Extract Verilog State Machines                                   ; On                 ; On                 ;
; Extract VHDL State Machines                                      ; On                 ; On                 ;
; Ignore Verilog initial constructs                                ; Off                ; Off                ;
; Iteration limit for constant Verilog loops                       ; 5000               ; 5000               ;
; Iteration limit for non-constant Verilog loops                   ; 250                ; 250                ;
; Add Pass-Through Logic to Inferred RAMs                          ; On                 ; On                 ;
; Infer RAMs from Raw Logic                                        ; On                 ; On                 ;
; Parallel Synthesis                                               ; On                 ; On                 ;
; DSP Block Balancing                                              ; Auto               ; Auto               ;
; NOT Gate Push-Back                                               ; On                 ; On                 ;
; Power-Up Don't Care                                              ; On                 ; On                 ;
; Remove Redundant Logic Cells                                     ; Off                ; Off                ;
; Remove Duplicate Registers                                       ; On                 ; On                 ;
; Ignore CARRY Buffers                                             ; Off                ; Off                ;
; Ignore CASCADE Buffers                                           ; Off                ; Off                ;
; Ignore GLOBAL Buffers                                            ; Off                ; Off                ;
; Ignore ROW GLOBAL Buffers                                        ; Off                ; Off                ;
; Ignore LCELL Buffers                                             ; Off                ; Off                ;
; Ignore SOFT Buffers                                              ; On                 ; On                 ;
; Limit AHDL Integers to 32 Bits                                   ; Off                ; Off                ;
; Optimization Technique                                           ; Balanced           ; Balanced           ;
; Carry Chain Length                                               ; 70                 ; 70                 ;
; Auto Carry Chains                                                ; On                 ; On                 ;
; Auto Open-Drain Pins                                             ; On                 ; On                 ;
; Perform WYSIWYG Primitive Resynthesis                            ; Off                ; Off                ;
; Auto ROM Replacement                                             ; On                 ; On                 ;
; Auto RAM Replacement                                             ; On                 ; On                 ;
; Auto DSP Block Replacement                                       ; On                 ; On                 ;
; Auto Shift Register Replacement                                  ; Auto               ; Auto               ;
; Allow Shift Register Merging across Hierarchies                  ; Auto               ; Auto               ;
; Auto Clock Enable Replacement                                    ; On                 ; On                 ;
; Strict RAM Replacement                                           ; Off                ; Off                ;
; Allow Synchronous Control Signals                                ; On                 ; On                 ;
; Force Use of Synchronous Clear Signals                           ; Off                ; Off                ;
; Auto RAM Block Balancing                                         ; On                 ; On                 ;
; Auto RAM to Logic Cell Conversion                                ; Off                ; Off                ;
; Auto Resource Sharing                                            ; Off                ; Off                ;
; Allow Any RAM Size For Recognition                               ; Off                ; Off                ;
; Allow Any ROM Size For Recognition                               ; Off                ; Off                ;
; Allow Any Shift Register Size For Recognition                    ; Off                ; Off                ;
; Use LogicLock Constraints during Resource Balancing              ; On                 ; On                 ;
; Ignore translate_off and synthesis_off directives                ; Off                ; Off                ;
; Timing-Driven Synthesis                                          ; On                 ; On                 ;
; Report Parameter Settings                                        ; On                 ; On                 ;
; Report Source Assignments                                        ; On                 ; On                 ;
; Report Connectivity Checks                                       ; On                 ; On                 ;
; Ignore Maximum Fan-Out Assignments                               ; Off                ; Off                ;
; Synchronization Register Chain Length                            ; 2                  ; 2                  ;
; Power Optimization During Synthesis                              ; Normal compilation ; Normal compilation ;
; HDL message level                                                ; Level2             ; Level2             ;
; Suppress Register Optimization Related Messages                  ; Off                ; Off                ;
; Number of Removed Registers Reported in Synthesis Report         ; 5000               ; 5000               ;
; Number of Swept Nodes Reported in Synthesis Report               ; 5000               ; 5000               ;
; Number of Inverted Registers Reported in Synthesis Report        ; 100                ; 100                ;
; Clock MUX Protection                                             ; On                 ; On                 ;
; Auto Gated Clock Conversion                                      ; Off                ; Off                ;
; Block Design Naming                                              ; Auto               ; Auto               ;
; SDC constraint protection                                        ; Off                ; Off                ;
; Synthesis Effort                                                 ; Auto               ; Auto               ;
; Shift Register Replacement - Allow Asynchronous Clear Signal     ; On                 ; On                 ;
; Pre-Mapping Resynthesis Optimization                             ; Off                ; Off                ;
; Analysis & Synthesis Message Level                               ; Medium             ; Medium             ;
; Disable Register Merging Across Hierarchies                      ; Auto               ; Auto               ;
; Resource Aware Inference For Block RAM                           ; On                 ; On                 ;
+------------------------------------------------------------------+--------------------+--------------------+


+------------------------------------------+
; Parallel Compilation                     ;
+----------------------------+-------------+
; Processors                 ; Number      ;
+----------------------------+-------------+
; Number detected on machine ; 8           ;
; Maximum allowed            ; 4           ;
;                            ;             ;
; Average used               ; 1.00        ;
; Maximum used               ; 4           ;
;                            ;             ;
; Usage by Processor         ; % Time Used ;
;     Processor 1            ; 100.0%      ;
;     Processors 2-4         ;   0.0%      ;
+----------------------------+-------------+


+-----------------------------------------------------------------------------------------------------------------------------------------------+
; Analysis & Synthesis Source Files Read                                                                                                        ;
+----------------------------------+-----------------+------------------------------+-------------------------------------------------+---------+
; File Name with User-Entered Path ; Used in Netlist ; File Type                    ; File Name with Absolute Path                    ; Library ;
+----------------------------------+-----------------+------------------------------+-------------------------------------------------+---------+
; timer.sv                         ; yes             ; User SystemVerilog HDL File  ; E:/digital designs/block_ram/timer.sv           ;         ;
; number_adder.sv                  ; yes             ; User SystemVerilog HDL File  ; E:/digital designs/block_ram/number_adder.sv    ;         ;
; eight_bit_adder.sv               ; yes             ; User SystemVerilog HDL File  ; E:/digital designs/block_ram/eight_bit_adder.sv ;         ;
; adder.sv                         ; yes             ; User SystemVerilog HDL File  ; E:/digital designs/block_ram/adder.sv           ;         ;
; adder_ram.sv                     ; yes             ; User SystemVerilog HDL File  ; E:/digital designs/block_ram/adder_ram.sv       ;         ;
+----------------------------------+-----------------+------------------------------+-------------------------------------------------+---------+


+-----------------------------------------------------------+
; Analysis & Synthesis Resource Usage Summary               ;
+---------------------------------------------+-------------+
; Resource                                    ; Usage       ;
+---------------------------------------------+-------------+
; Estimated Total logic elements              ; 187         ;
;                                             ;             ;
; Total combinational functions               ; 186         ;
; Logic element usage by number of LUT inputs ;             ;
;     -- 4 input functions                    ; 113         ;
;     -- 3 input functions                    ; 39          ;
;     -- <=2 input functions                  ; 34          ;
;                                             ;             ;
; Logic elements by mode                      ;             ;
;     -- normal mode                          ; 155         ;
;     -- arithmetic mode                      ; 31          ;
;                                             ;             ;
; Total registers                             ; 81          ;
;     -- Dedicated logic registers            ; 81          ;
;     -- I/O registers                        ; 0           ;
;                                             ;             ;
; I/O pins                                    ; 3           ;
;                                             ;             ;
; Embedded Multiplier 9-bit elements          ; 0           ;
;                                             ;             ;
; Maximum fan-out node                        ; rst_n~input ;
; Maximum fan-out                             ; 81          ;
; Total fan-out                               ; 955         ;
; Average fan-out                             ; 3.50        ;
+---------------------------------------------+-------------+


+--------------------------------------------------------------------------------------------------------------------------------------------------------------------------------------------------------------------------------------------------+
; Analysis & Synthesis Resource Utilization by Entity                                                                                                                                                                                              ;
+----------------------------+---------------------+---------------------------+-------------+--------------+---------+-----------+------+--------------+---------------------------------------------------------+-----------------+--------------+
; Compilation Hierarchy Node ; Combinational ALUTs ; Dedicated Logic Registers ; Memory Bits ; DSP Elements ; DSP 9x9 ; DSP 18x18 ; Pins ; Virtual Pins ; Full Hierarchy Name                                     ; Entity Name     ; Library Name ;
+----------------------------+---------------------+---------------------------+-------------+--------------+---------+-----------+------+--------------+---------------------------------------------------------+-----------------+--------------+
; |adder_ram                 ; 186 (112)           ; 81 (48)                   ; 0           ; 0            ; 0       ; 0         ; 3    ; 0            ; |adder_ram                                              ; adder_ram       ; work         ;
;    |number_adder:uut|      ; 29 (0)              ; 0 (0)                     ; 0           ; 0            ; 0       ; 0         ; 0    ; 0            ; |adder_ram|number_adder:uut                             ; number_adder    ; work         ;
;       |eight_bit_adder:e1| ; 4 (0)               ; 0 (0)                     ; 0           ; 0            ; 0       ; 0         ; 0    ; 0            ; |adder_ram|number_adder:uut|eight_bit_adder:e1          ; eight_bit_adder ; work         ;
;          |adder:a5|        ; 4 (4)               ; 0 (0)                     ; 0           ; 0            ; 0       ; 0         ; 0    ; 0            ; |adder_ram|number_adder:uut|eight_bit_adder:e1|adder:a5 ; adder           ; work         ;
;       |eight_bit_adder:e2| ; 11 (0)              ; 0 (0)                     ; 0           ; 0            ; 0       ; 0         ; 0    ; 0            ; |adder_ram|number_adder:uut|eight_bit_adder:e2          ; eight_bit_adder ; work         ;
;          |adder:a1|        ; 4 (4)               ; 0 (0)                     ; 0           ; 0            ; 0       ; 0         ; 0    ; 0            ; |adder_ram|number_adder:uut|eight_bit_adder:e2|adder:a1 ; adder           ; work         ;
;          |adder:a5|        ; 4 (4)               ; 0 (0)                     ; 0           ; 0            ; 0       ; 0         ; 0    ; 0            ; |adder_ram|number_adder:uut|eight_bit_adder:e2|adder:a5 ; adder           ; work         ;
;          |adder:a6|        ; 1 (1)               ; 0 (0)                     ; 0           ; 0            ; 0       ; 0         ; 0    ; 0            ; |adder_ram|number_adder:uut|eight_bit_adder:e2|adder:a6 ; adder           ; work         ;
;          |adder:a7|        ; 1 (1)               ; 0 (0)                     ; 0           ; 0            ; 0       ; 0         ; 0    ; 0            ; |adder_ram|number_adder:uut|eight_bit_adder:e2|adder:a7 ; adder           ; work         ;
;          |adder:a8|        ; 1 (1)               ; 0 (0)                     ; 0           ; 0            ; 0       ; 0         ; 0    ; 0            ; |adder_ram|number_adder:uut|eight_bit_adder:e2|adder:a8 ; adder           ; work         ;
;       |eight_bit_adder:e3| ; 8 (0)               ; 0 (0)                     ; 0           ; 0            ; 0       ; 0         ; 0    ; 0            ; |adder_ram|number_adder:uut|eight_bit_adder:e3          ; eight_bit_adder ; work         ;
;          |adder:a1|        ; 1 (1)               ; 0 (0)                     ; 0           ; 0            ; 0       ; 0         ; 0    ; 0            ; |adder_ram|number_adder:uut|eight_bit_adder:e3|adder:a1 ; adder           ; work         ;
;          |adder:a2|        ; 1 (1)               ; 0 (0)                     ; 0           ; 0            ; 0       ; 0         ; 0    ; 0            ; |adder_ram|number_adder:uut|eight_bit_adder:e3|adder:a2 ; adder           ; work         ;
;          |adder:a3|        ; 1 (1)               ; 0 (0)                     ; 0           ; 0            ; 0       ; 0         ; 0    ; 0            ; |adder_ram|number_adder:uut|eight_bit_adder:e3|adder:a3 ; adder           ; work         ;
;          |adder:a5|        ; 2 (2)               ; 0 (0)                     ; 0           ; 0            ; 0       ; 0         ; 0    ; 0            ; |adder_ram|number_adder:uut|eight_bit_adder:e3|adder:a5 ; adder           ; work         ;
;          |adder:a6|        ; 1 (1)               ; 0 (0)                     ; 0           ; 0            ; 0       ; 0         ; 0    ; 0            ; |adder_ram|number_adder:uut|eight_bit_adder:e3|adder:a6 ; adder           ; work         ;
;          |adder:a7|        ; 1 (1)               ; 0 (0)                     ; 0           ; 0            ; 0       ; 0         ; 0    ; 0            ; |adder_ram|number_adder:uut|eight_bit_adder:e3|adder:a7 ; adder           ; work         ;
;          |adder:a8|        ; 1 (1)               ; 0 (0)                     ; 0           ; 0            ; 0       ; 0         ; 0    ; 0            ; |adder_ram|number_adder:uut|eight_bit_adder:e3|adder:a8 ; adder           ; work         ;
;       |eight_bit_adder:e4| ; 6 (0)               ; 0 (0)                     ; 0           ; 0            ; 0       ; 0         ; 0    ; 0            ; |adder_ram|number_adder:uut|eight_bit_adder:e4          ; eight_bit_adder ; work         ;
;          |adder:a1|        ; 1 (1)               ; 0 (0)                     ; 0           ; 0            ; 0       ; 0         ; 0    ; 0            ; |adder_ram|number_adder:uut|eight_bit_adder:e4|adder:a1 ; adder           ; work         ;
;          |adder:a2|        ; 1 (1)               ; 0 (0)                     ; 0           ; 0            ; 0       ; 0         ; 0    ; 0            ; |adder_ram|number_adder:uut|eight_bit_adder:e4|adder:a2 ; adder           ; work         ;
;          |adder:a4|        ; 1 (1)               ; 0 (0)                     ; 0           ; 0            ; 0       ; 0         ; 0    ; 0            ; |adder_ram|number_adder:uut|eight_bit_adder:e4|adder:a4 ; adder           ; work         ;
;          |adder:a5|        ; 1 (1)               ; 0 (0)                     ; 0           ; 0            ; 0       ; 0         ; 0    ; 0            ; |adder_ram|number_adder:uut|eight_bit_adder:e4|adder:a5 ; adder           ; work         ;
;          |adder:a6|        ; 1 (1)               ; 0 (0)                     ; 0           ; 0            ; 0       ; 0         ; 0    ; 0            ; |adder_ram|number_adder:uut|eight_bit_adder:e4|adder:a6 ; adder           ; work         ;
;          |adder:a7|        ; 1 (1)               ; 0 (0)                     ; 0           ; 0            ; 0       ; 0         ; 0    ; 0            ; |adder_ram|number_adder:uut|eight_bit_adder:e4|adder:a7 ; adder           ; work         ;
;    |timer:timer_inst|      ; 45 (45)             ; 33 (33)                   ; 0           ; 0            ; 0       ; 0         ; 0    ; 0            ; |adder_ram|timer:timer_inst                             ; timer           ; work         ;
+----------------------------+---------------------+---------------------------+-------------+--------------+---------+-----------+------+--------------+---------------------------------------------------------+-----------------+--------------+
Note: For table entries with two numbers listed, the numbers in parentheses indicate the number of resources of the given type used by the specific entity alone. The numbers listed outside of parentheses indicate the total resources of the given type used by the specific entity and all of its sub-entities in the hierarchy.


Encoding Type:  One-Hot
+-------------------------------------------------------------+
; State Machine - |adder_ram|state                            ;
+---------------+--------------+---------------+--------------+
; Name          ; state.S_IDLE ; state.S_CHECK ; state.S_READ ;
+---------------+--------------+---------------+--------------+
; state.S_IDLE  ; 0            ; 0             ; 0            ;
; state.S_READ  ; 1            ; 0             ; 1            ;
; state.S_CHECK ; 1            ; 1             ; 0            ;
+---------------+--------------+---------------+--------------+


+---------------------------------------------------------------------------------+
; Registers Removed During Synthesis                                              ;
+----------------------------------------+----------------------------------------+
; Register name                          ; Reason for Removal                     ;
+----------------------------------------+----------------------------------------+
; cin_reg                                ; Stuck at GND due to stuck port data_in ;
; b_reg[17,25,27]                        ; Stuck at GND due to stuck port data_in ;
; b_reg[12,14]                           ; Merged with b_reg[30]                  ;
; b_reg[15,21]                           ; Merged with b_reg[29]                  ;
; a_reg[6,12]                            ; Merged with a_reg[28]                  ;
; b_reg[20]                              ; Merged with b_reg[28]                  ;
; a_reg[19]                              ; Merged with a_reg[27]                  ;
; b_reg[2,10]                            ; Merged with b_reg[26]                  ;
; a_reg[9]                               ; Merged with a_reg[25]                  ;
; a_reg[8]                               ; Merged with a_reg[24]                  ;
; b_reg[16]                              ; Merged with b_reg[24]                  ;
; a_reg[13]                              ; Merged with a_reg[23]                  ;
; b_reg[6]                               ; Merged with b_reg[22]                  ;
; a_reg[4]                               ; Merged with a_reg[20]                  ;
; b_reg[11]                              ; Merged with b_reg[19]                  ;
; b_reg[8]                               ; Merged with b_reg[18]                  ;
; a_reg[2]                               ; Merged with a_reg[16]                  ;
; b_reg[0]                               ; Merged with a_reg[7]                   ;
; state.S_IDLE                           ; Lost fanout                            ;
; Total Number of Removed Registers = 25 ;                                        ;
+----------------------------------------+----------------------------------------+


+------------------------------------------------------+
; General Register Statistics                          ;
+----------------------------------------------+-------+
; Statistic                                    ; Value ;
+----------------------------------------------+-------+
; Total registers                              ; 81    ;
; Number of registers using Synchronous Clear  ; 32    ;
; Number of registers using Synchronous Load   ; 0     ;
; Number of registers using Asynchronous Clear ; 81    ;
; Number of registers using Asynchronous Load  ; 0     ;
; Number of registers using Clock Enable       ; 41    ;
; Number of registers using Preset             ; 0     ;
+----------------------------------------------+-------+


+--------------------------------------------------+
; Inverted Register Statistics                     ;
+----------------------------------------+---------+
; Inverted Register                      ; Fan out ;
+----------------------------------------+---------+
; pass                                   ; 2       ;
; Total number of inverted registers = 1 ;         ;
+----------------------------------------+---------+


+---------------------------------------------------------------------------+
; Parameter Settings for User Entity Instance: Top-level Entity: |adder_ram ;
+----------------+-------+--------------------------------------------------+
; Parameter Name ; Value ; Type                                             ;
+----------------+-------+--------------------------------------------------+
; N              ; 10    ; Signed Integer                                   ;
+----------------+-------+--------------------------------------------------+
Note: In order to hide this table in the UI and the text report file, please set the "Show Parameter Settings in Synthesis Report" option in "Analysis and Synthesis Settings -> More Settings" to "Off".


+-----------------------------------------------------+
; Post-Synthesis Netlist Statistics for Top Partition ;
+-----------------------+-----------------------------+
; Type                  ; Count                       ;
+-----------------------+-----------------------------+
; boundary_port         ; 3                           ;
; cycloneiii_ff         ; 81                          ;
;     CLR               ; 8                           ;
;     CLR SCLR          ; 32                          ;
;     ENA CLR           ; 41                          ;
; cycloneiii_lcell_comb ; 187                         ;
;     arith             ; 31                          ;
;         2 data inputs ; 31                          ;
;     normal            ; 156                         ;
;         1 data inputs ; 3                           ;
;         2 data inputs ; 1                           ;
;         3 data inputs ; 39                          ;
;         4 data inputs ; 113                         ;
;                       ;                             ;
; Max LUT depth         ; 30.00                       ;
; Average LUT depth     ; 11.11                       ;
+-----------------------+-----------------------------+


+-------------------------------+
; Elapsed Time Per Partition    ;
+----------------+--------------+
; Partition Name ; Elapsed Time ;
+----------------+--------------+
; Top            ; 00:00:01     ;
+----------------+--------------+


+-------------------------------+
; Analysis & Synthesis Messages ;
+-------------------------------+
Info: *******************************************************************
Info: Running Quartus Prime Analysis & Synthesis
    Info: Version 20.1.1 Build 720 11/11/2020 SJ Lite Edition
    Info: Processing started: Fri Aug 29 16:34:15 2025
Info: Command: quartus_map --read_settings_files=on --write_settings_files=off block_ram -c block_ram
Warning (18236): Number of processors has not been specified which may cause overloading on shared machines.  Set the global assignment NUM_PARALLEL_PROCESSORS in your QSF to an appropriate value for best performance.
Info (20030): Parallel compilation is enabled and will use 4 of the 4 processors detected
Info (12021): Found 1 design units, including 1 entities, in source file timer.sv
    Info (12023): Found entity 1: timer File: E:/digital designs/block_ram/timer.sv Line: 1
Info (12021): Found 1 design units, including 1 entities, in source file block_ram_tb.v
    Info (12023): Found entity 1: block_ram_tb File: E:/digital designs/block_ram/block_ram_tb.v Line: 1
Info (12021): Found 1 design units, including 1 entities, in source file pipelined_adder.sv
    Info (12023): Found entity 1: pipelined_adder File: E:/digital designs/block_ram/pipelined_adder.sv Line: 1
Info (12021): Found 1 design units, including 1 entities, in source file number_adder.sv
    Info (12023): Found entity 1: number_adder File: E:/digital designs/block_ram/number_adder.sv Line: 1
Info (12021): Found 1 design units, including 1 entities, in source file eight_bit_adder.sv
    Info (12023): Found entity 1: eight_bit_adder File: E:/digital designs/block_ram/eight_bit_adder.sv Line: 1
Info (12021): Found 1 design units, including 1 entities, in source file adder.sv
    Info (12023): Found entity 1: adder File: E:/digital designs/block_ram/adder.sv Line: 1
Info (12021): Found 1 design units, including 1 entities, in source file block_ram.v
    Info (12023): Found entity 1: block_ram File: E:/digital designs/block_ram/block_ram.v Line: 1
Info (12021): Found 1 design units, including 1 entities, in source file adder_ram.sv
    Info (12023): Found entity 1: adder_ram File: E:/digital designs/block_ram/adder_ram.sv Line: 1
Info (12127): Elaborating entity "adder_ram" for the top level hierarchy
Warning (10230): Verilog HDL assignment warning at adder_ram.sv(68): truncated value with size 32 to match size of target (4) File: E:/digital designs/block_ram/adder_ram.sv Line: 68
Warning (10030): Net "ram_a.data_a" at adder_ram.sv(9) has no driver or initial value, using a default initial value '0' File: E:/digital designs/block_ram/adder_ram.sv Line: 9
Warning (10030): Net "ram_a.waddr_a" at adder_ram.sv(9) has no driver or initial value, using a default initial value '0' File: E:/digital designs/block_ram/adder_ram.sv Line: 9
Warning (10030): Net "ram_b.data_a" at adder_ram.sv(10) has no driver or initial value, using a default initial value '0' File: E:/digital designs/block_ram/adder_ram.sv Line: 10
Warning (10030): Net "ram_b.waddr_a" at adder_ram.sv(10) has no driver or initial value, using a default initial value '0' File: E:/digital designs/block_ram/adder_ram.sv Line: 10
Warning (10030): Net "ram_exp.data_a" at adder_ram.sv(11) has no driver or initial value, using a default initial value '0' File: E:/digital designs/block_ram/adder_ram.sv Line: 11
Warning (10030): Net "ram_exp.waddr_a" at adder_ram.sv(11) has no driver or initial value, using a default initial value '0' File: E:/digital designs/block_ram/adder_ram.sv Line: 11
Warning (10030): Net "ram_a.we_a" at adder_ram.sv(9) has no driver or initial value, using a default initial value '0' File: E:/digital designs/block_ram/adder_ram.sv Line: 9
Warning (10030): Net "ram_b.we_a" at adder_ram.sv(10) has no driver or initial value, using a default initial value '0' File: E:/digital designs/block_ram/adder_ram.sv Line: 10
Warning (10030): Net "ram_exp.we_a" at adder_ram.sv(11) has no driver or initial value, using a default initial value '0' File: E:/digital designs/block_ram/adder_ram.sv Line: 11
Info (12128): Elaborating entity "number_adder" for hierarchy "number_adder:uut" File: E:/digital designs/block_ram/adder_ram.sv Line: 29
Info (12128): Elaborating entity "eight_bit_adder" for hierarchy "number_adder:uut|eight_bit_adder:e1" File: E:/digital designs/block_ram/number_adder.sv Line: 11
Info (12128): Elaborating entity "adder" for hierarchy "number_adder:uut|eight_bit_adder:e1|adder:a1" File: E:/digital designs/block_ram/eight_bit_adder.sv Line: 11
Info (12128): Elaborating entity "timer" for hierarchy "timer:timer_inst" File: E:/digital designs/block_ram/adder_ram.sv Line: 37
Info (276014): Found 3 instances of uninferred RAM logic
    Info (276004): RAM logic "ram_exp" is uninferred due to inappropriate RAM size File: E:/digital designs/block_ram/adder_ram.sv Line: 11
    Info (276004): RAM logic "ram_a" is uninferred due to inappropriate RAM size File: E:/digital designs/block_ram/adder_ram.sv Line: 9
    Info (276004): RAM logic "ram_b" is uninferred due to inappropriate RAM size File: E:/digital designs/block_ram/adder_ram.sv Line: 10
Critical Warning (127005): Memory depth (16) in the design file differs from memory depth (10) in the Memory Initialization File "E:/digital designs/block_ram/db/block_ram.ram2_adder_ram_5406ce0b.hdl.mif" -- setting initial value for remaining addresses to 0
Critical Warning (127005): Memory depth (16) in the design file differs from memory depth (10) in the Memory Initialization File "E:/digital designs/block_ram/db/block_ram.ram0_adder_ram_5406ce0b.hdl.mif" -- setting initial value for remaining addresses to 0
Critical Warning (127005): Memory depth (16) in the design file differs from memory depth (10) in the Memory Initialization File "E:/digital designs/block_ram/db/block_ram.ram1_adder_ram_5406ce0b.hdl.mif" -- setting initial value for remaining addresses to 0
Info (13000): Registers with preset signals will power-up high File: E:/digital designs/block_ram/adder_ram.sv Line: 48
Info (13003): DEV_CLRn pin will set, and not reset, register with preset signal due to NOT Gate Push-Back
Info (286030): Timing-Driven Synthesis is running
Info (17049): 1 registers lost all their fanouts during netlist optimizations.
Info (16010): Generating hard_block partition "hard_block:auto_generated_inst"
    Info (16011): Adding 0 node(s), including 0 DDIO, 0 PLL, 0 transceiver and 0 LCELL
Info (21057): Implemented 192 device resources after synthesis - the final resource count might be different
    Info (21058): Implemented 2 input pins
    Info (21059): Implemented 1 output pins
    Info (21061): Implemented 189 logic cells
Info: Quartus Prime Analysis & Synthesis was successful. 0 errors, 14 warnings
    Info: Peak virtual memory: 4769 megabytes
    Info: Processing ended: Fri Aug 29 16:34:26 2025
    Info: Elapsed time: 00:00:11
    Info: Total CPU time (on all processors): 00:00:24


